c:\users\ricki\desktop\tarab.xyz\loader\tarab_loader\tarab_loader\x64\debug\vc142.pdb
c:\users\ricki\desktop\tarab.xyz\loader\tarab_loader\tarab_loader\x64\debug\md5.obj
c:\users\ricki\desktop\tarab.xyz\loader\tarab_loader\tarab_loader\x64\debug\login_key.obj
c:\users\ricki\desktop\tarab.xyz\loader\tarab_loader\tarab_loader\x64\debug\login.obj
c:\users\ricki\desktop\tarab.xyz\loader\tarab_loader\tarab_loader\x64\debug\loader.obj
c:\users\ricki\desktop\tarab.xyz\loader\tarab_loader\tarab_loader\x64\debug\.netframework,version=v4.7.2.assemblyattributes.obj
c:\users\ricki\desktop\tarab.xyz\loader\tarab_loader\tarab_loader\x64\debug\.netframework,version=v4.7.2.assemblyattributes.asm
c:\users\ricki\desktop\tarab.xyz\loader\tarab_loader\x64\debug\tarab_loader.exe
c:\users\ricki\desktop\tarab.xyz\loader\tarab_loader\x64\debug\tarab_loader.pdb
c:\users\ricki\desktop\tarab.xyz\loader\tarab_loader\tarab_loader\x64\debug\tarabloader.login.resources
c:\users\ricki\desktop\tarab.xyz\loader\tarab_loader\tarab_loader\x64\debug\tarabloader.login_key.resources
c:\users\ricki\desktop\tarab.xyz\loader\tarab_loader\tarab_loader\x64\debug\tarab_loader.vcxproj.generateresource.cache
c:\users\ricki\desktop\tarab.xyz\loader\tarab_loader\tarab_loader\x64\debug\tarab_loader.vcxprojassemblyreference.cache
c:\users\ricki\desktop\tarab.xyz\loader\tarab_loader\tarab_loader\x64\debug\tarab_loader.tlog\cl.command.1.tlog
c:\users\ricki\desktop\tarab.xyz\loader\tarab_loader\tarab_loader\x64\debug\tarab_loader.tlog\cl.read.1.tlog
c:\users\ricki\desktop\tarab.xyz\loader\tarab_loader\tarab_loader\x64\debug\tarab_loader.tlog\cl.write.1.tlog
c:\users\ricki\desktop\tarab.xyz\loader\tarab_loader\tarab_loader\x64\debug\tarab_loader.tlog\link.command.1.tlog
c:\users\ricki\desktop\tarab.xyz\loader\tarab_loader\tarab_loader\x64\debug\tarab_loader.tlog\link.read.1.tlog
c:\users\ricki\desktop\tarab.xyz\loader\tarab_loader\tarab_loader\x64\debug\tarab_loader.tlog\link.write.1.tlog
c:\users\ricki\desktop\tarab.xyz\loader\tarab_loader\tarab_loader\x64\debug\tarab_loader.tlog\metagen.read.1.tlog
c:\users\ricki\desktop\tarab.xyz\loader\tarab_loader\tarab_loader\x64\debug\tarab_loader.tlog\metagen.write.1.tlog
c:\users\ricki\desktop\tarab.xyz\loader\tarab_loader\tarab_loader\x64\debug\tarab_loader.tlog\tarab_loader.write.1u.tlog
