C:\Program Files (x86)\Microsoft Visual Studio\2019\Community\MSBuild\Microsoft\VC\v160\Microsoft.CppBuild.targets(411,5): warning MSB8028: Das Zwischenverzeichnis (x64\Release\) enthält freigegebene Dateien aus einem anderen Projekt (tarab_loader.vcxproj). Dies kann zu einem falschen Bereinigungs- und Neuerstellungsverhalten führen.
C:\Program Files (x86)\Microsoft Visual Studio\2019\Community\MSBuild\Microsoft\VC\v160\Microsoft.CppBuild.targets(422,5): warning MSB8038: Die Spectre-Entschärfung ist aktiviert, aber es wurden keine entschärften Spectre-Bibliotheken gefunden. Stellen Sie sicher, dass die Visual Studio-Workload die entschärften Spectre-Bibliotheken enthält. Weitere Informationen finden Sie unter https://aka.ms/Ofhn4c.
  crypt.cpp
D:\tarab_loader\loader\tarab_loader\tarab_loader\crypt.cpp(35): warning C4267: "Initialisierung": Konvertierung von "size_t" nach "unsigned long", Datenverlust möglich
D:\tarab_loader\loader\tarab_loader\tarab_loader\crypt.cpp(36): warning C4267: "Initialisierung": Konvertierung von "size_t" nach "unsigned long", Datenverlust möglich
  loader.cpp
D:\tarab_loader\loader\tarab_loader\tarab_loader\loader.cpp(107): warning C4996: 'freopen': This function or variable may be unsafe. Consider using freopen_s instead. To disable deprecation, use _CRT_SECURE_NO_WARNINGS. See online help for details.
  C:\Program Files (x86)\Windows Kits\10\Include\10.0.18362.0\ucrt\stdio.h(243): note: Siehe Deklaration von "freopen"
  login.cpp
  login_key.cpp
  md5.cpp
D:\tarab_loader\loader\tarab_loader\tarab_loader\md5.cpp(81): warning C4267: "Argument": Konvertierung von "size_t" nach "MD5::size_type", Datenverlust möglich
D:\tarab_loader\loader\tarab_loader\tarab_loader\md5.cpp(309): warning C4996: 'sprintf': This function or variable may be unsafe. Consider using sprintf_s instead. To disable deprecation, use _CRT_SECURE_NO_WARNINGS. See online help for details.
  C:\Program Files (x86)\Windows Kits\10\Include\10.0.18362.0\ucrt\stdio.h(1774): note: Siehe Deklaration von "sprintf"
  security.cpp
D:\tarab_loader\loader\tarab_loader\tarab_loader\security.cpp(17): warning C4996: 'wcsicmp': The POSIX name for this item is deprecated. Instead, use the ISO C and C++ conformant name: _wcsicmp. See online help for details.
  C:\Program Files (x86)\Windows Kits\10\Include\10.0.18362.0\ucrt\corecrt_wstring.h(592): note: Siehe Deklaration von "wcsicmp"
  Code wird generiert...
  .NETFramework,Version=v4.7.2.AssemblyAttributes.cpp
  kdmapper.lib(utils.obj) : Es wurde ein mit /GL kompiliertes MSIL .netmodule oder module gefunden. Verknüpfung wird mit /LTCG erneut gestartet. Fügen Sie /LTCG zur Linkbefehlszeile hinzu, um die Linkerleistung zu erhöhen.
  Code wird generiert.
  Codegenerierung ist abgeschlossen.
  tarab_loader.vcxproj -> D:\tarab_loader\loader\tarab_loader\x64\Release\Y6s1FAa9vi.exe
