d:\tarab_loader\loader\tarab_loader\tarab_loader\x64\release\vc142.pdb
d:\tarab_loader\loader\tarab_loader\tarab_loader\x64\release\security.obj
d:\tarab_loader\loader\tarab_loader\tarab_loader\x64\release\md5.obj
d:\tarab_loader\loader\tarab_loader\tarab_loader\x64\release\login_key.obj
d:\tarab_loader\loader\tarab_loader\tarab_loader\x64\release\login.obj
d:\tarab_loader\loader\tarab_loader\tarab_loader\x64\release\loader.obj
d:\tarab_loader\loader\tarab_loader\tarab_loader\x64\release\crypt.obj
d:\tarab_loader\loader\tarab_loader\tarab_loader\x64\release\.netframework,version=v4.7.2.assemblyattributes.obj
d:\tarab_loader\loader\tarab_loader\tarab_loader\x64\release\.netframework,version=v4.7.2.assemblyattributes.asm
d:\tarab_loader\loader\tarab_loader\x64\release\y6s1faa9vi.exe
d:\tarab_loader\loader\tarab_loader\x64\release\y6s1faa9vi.pdb
d:\tarab_loader\loader\tarab_loader\tarab_loader\x64\release\tarabloader.login.resources
d:\tarab_loader\loader\tarab_loader\tarab_loader\x64\release\tarabloader.login_key.resources
d:\tarab_loader\loader\tarab_loader\tarab_loader\x64\release\tarab_loader.vcxproj.generateresource.cache
d:\tarab_loader\loader\tarab_loader\tarab_loader\x64\release\tarab_loader.vcxprojassemblyreference.cache
d:\tarab_loader\loader\tarab_loader\tarab_loader\x64\release\y6s1faa9vi.tlog\cl.command.1.tlog
d:\tarab_loader\loader\tarab_loader\tarab_loader\x64\release\y6s1faa9vi.tlog\cl.read.1.tlog
d:\tarab_loader\loader\tarab_loader\tarab_loader\x64\release\y6s1faa9vi.tlog\cl.write.1.tlog
d:\tarab_loader\loader\tarab_loader\tarab_loader\x64\release\y6s1faa9vi.tlog\link.command.1.tlog
d:\tarab_loader\loader\tarab_loader\tarab_loader\x64\release\y6s1faa9vi.tlog\link.read.1.tlog
d:\tarab_loader\loader\tarab_loader\tarab_loader\x64\release\y6s1faa9vi.tlog\link.write.1.tlog
d:\tarab_loader\loader\tarab_loader\tarab_loader\x64\release\y6s1faa9vi.tlog\metagen.read.1.tlog
d:\tarab_loader\loader\tarab_loader\tarab_loader\x64\release\y6s1faa9vi.tlog\metagen.write.1.tlog
d:\tarab_loader\loader\tarab_loader\tarab_loader\x64\release\y6s1faa9vi.tlog\y6s1faa9vi.write.1u.tlog
